2021-03-27 18:02:09 info: Connected to MongoDB
2021-03-27 18:02:09 info: Listening at http://localhost:8080
2021-03-27 18:02:17 info: Connected to MongoDB
2021-03-27 18:02:17 info: Listening at http://localhost:8080
2021-03-27 18:02:31 info: GET /graphql 200 - 16.518 ms
2021-03-27 18:02:38 info: POST /graphql 200 - 143.705 ms
2021-03-27 18:02:39 info: POST /graphql 200 - 30.117 ms
2021-03-27 18:02:41 info: POST /graphql 200 - 19.209 ms
2021-03-27 18:02:43 info: POST /graphql 200 - 29.762 ms
2021-03-27 18:02:45 info: POST /graphql 200 - 24.639 ms
2021-03-27 18:02:47 info: POST /graphql 200 - 20.349 ms
2021-03-27 18:02:49 info: POST /graphql 200 - 19.895 ms
2021-03-27 18:02:51 info: POST /graphql 200 - 12.778 ms
2021-03-27 18:02:53 info: POST /graphql 200 - 13.422 ms
2021-03-27 18:02:55 info: POST /graphql 200 - 10.332 ms
2021-03-27 18:02:57 info: POST /graphql 200 - 12.749 ms
2021-03-27 18:02:59 info: POST /graphql 200 - 16.366 ms
2021-03-27 18:03:01 info: POST /graphql 200 - 13.995 ms
2021-03-27 18:03:04 info: POST /graphql 200 - 12.373 ms
2021-03-27 18:03:06 info: POST /graphql 200 - 16.252 ms
2021-03-27 18:03:08 info: POST /graphql 200 - 12.496 ms
2021-03-27 18:03:10 info: POST /graphql 200 - 11.912 ms
2021-03-27 18:03:12 info: POST /graphql 200 - 12.642 ms
2021-03-27 18:03:14 info: POST /graphql 200 - 12.137 ms
2021-03-27 18:03:16 info: POST /graphql 200 - 10.616 ms
2021-03-27 18:03:18 info: POST /graphql 200 - 15.670 ms
2021-03-27 18:03:20 info: POST /graphql 200 - 13.881 ms
2021-03-27 18:03:22 info: POST /graphql 200 - 12.963 ms
2021-03-27 18:03:24 info: POST /graphql 200 - 13.456 ms
2021-03-27 18:03:25 info: POST /graphql 200 - 11.880 ms
2021-03-27 18:03:26 info: POST /graphql 200 - 15.480 ms
2021-03-27 18:03:28 info: POST /graphql 200 - 12.337 ms
2021-03-27 18:03:30 info: POST /graphql 200 - 12.654 ms
2021-03-27 18:03:32 info: POST /graphql 200 - 18.560 ms
2021-03-27 18:03:34 info: POST /graphql 200 - 13.139 ms
2021-03-27 18:03:36 info: POST /graphql 200 - 19.560 ms
2021-03-27 18:03:38 info: POST /graphql 200 - 18.313 ms
2021-03-27 18:03:41 info: POST /graphql 200 - 14.439 ms
2021-03-27 18:03:43 info: POST /graphql 200 - 15.879 ms
2021-03-27 18:03:45 info: POST /graphql 200 - 13.993 ms
2021-03-27 18:03:47 info: POST /graphql 200 - 14.394 ms
2021-03-27 18:03:49 info: POST /graphql 200 - 15.961 ms
2021-03-27 18:03:51 info: POST /graphql 200 - 9.995 ms
2021-03-27 18:03:53 info: POST /graphql 200 - 13.022 ms
2021-03-27 18:03:55 info: POST /graphql 200 - 11.677 ms
2021-03-27 18:03:57 info: POST /graphql 200 - 10.981 ms
2021-03-27 18:03:59 info: POST /graphql 200 - 9.882 ms
2021-03-27 18:04:01 info: POST /graphql 200 - 14.311 ms
2021-03-27 18:04:03 info: POST /graphql 200 - 12.356 ms
2021-03-27 18:04:05 info: POST /graphql 200 - 10.773 ms
2021-03-27 18:04:07 info: POST /graphql 200 - 12.480 ms
2021-03-27 18:04:09 info: POST /graphql 200 - 10.634 ms
2021-03-27 18:04:11 info: POST /graphql 200 - 10.483 ms
2021-03-27 18:04:13 info: POST /graphql 200 - 11.776 ms
2021-03-27 18:04:15 info: POST /graphql 200 - 11.737 ms
2021-03-27 18:04:17 info: POST /graphql 200 - 13.010 ms
2021-03-27 18:08:02 info: POST /graphql 200 - 12.383 ms
2021-03-27 18:08:04 info: POST /graphql 200 - 11.249 ms
2021-03-27 18:08:06 info: POST /graphql 200 - 23.427 ms
2021-03-27 18:08:08 info: POST /graphql 200 - 9.828 ms
2021-03-27 18:08:10 info: POST /graphql 200 - 11.028 ms
2021-03-27 18:08:12 info: POST /graphql 200 - 15.130 ms
2021-03-27 18:08:14 info: POST /graphql 200 - 9.632 ms
2021-03-27 18:08:16 info: POST /graphql 200 - 10.344 ms
2021-03-27 18:08:18 info: POST /graphql 200 - 11.527 ms
2021-03-27 18:08:20 info: POST /graphql 200 - 10.996 ms
2021-03-27 18:08:22 info: POST /graphql 200 - 10.304 ms
2021-03-27 18:08:24 info: POST /graphql 200 - 10.940 ms
2021-03-27 18:08:26 info: POST /graphql 200 - 11.873 ms
2021-03-27 18:08:28 info: POST /graphql 200 - 9.171 ms
2021-03-27 18:08:30 info: POST /graphql 200 - 10.781 ms
2021-03-27 18:08:33 info: POST /graphql 200 - 10.260 ms
2021-03-27 18:08:35 info: POST /graphql 200 - 9.561 ms
2021-03-27 18:08:37 info: POST /graphql 200 - 10.792 ms
2021-03-27 18:08:39 info: POST /graphql 200 - 11.729 ms
2021-03-27 18:08:41 info: POST /graphql 200 - 11.893 ms
2021-03-27 18:08:43 info: POST /graphql 200 - 16.173 ms
2021-03-27 18:08:45 info: POST /graphql 200 - 10.135 ms
2021-03-27 18:08:47 info: POST /graphql 200 - 12.059 ms
2021-03-27 18:08:49 info: POST /graphql 200 - 13.255 ms
2021-03-27 18:08:51 info: POST /graphql 200 - 11.068 ms
2021-03-27 18:08:53 info: POST /graphql 200 - 12.014 ms
2021-03-27 18:08:55 info: POST /graphql 200 - 12.206 ms
2021-03-27 18:08:57 info: POST /graphql 200 - 12.096 ms
2021-03-27 18:19:58 info: Connected to MongoDB
2021-03-27 18:19:58 info: Listening at http://localhost:8080
2021-03-28 10:26:38 info: Connected to MongoDB
2021-03-28 10:26:38 info: Listening at http://localhost:8080
2021-03-28 10:37:44 info: Connected to MongoDB
2021-03-28 10:37:44 info: Listening at http://localhost:8080
2021-03-28 10:38:13 info: Connected to MongoDB
2021-03-28 10:38:13 info: Listening at http://localhost:8080
2021-03-28 10:38:32 info: Connected to MongoDB
2021-03-28 10:38:32 info: Listening at http://localhost:8080
2021-03-28 10:38:46 info: Connected to MongoDB
2021-03-28 10:38:46 info: Listening at http://localhost:8080
2021-03-28 10:39:00 info: Connected to MongoDB
2021-03-28 10:39:00 info: Listening at http://localhost:8080
2021-03-28 10:39:11 info: Connected to MongoDB
2021-03-28 10:39:11 info: Listening at http://localhost:8080
2021-03-28 10:39:33 info: Connected to MongoDB
2021-03-28 10:39:33 info: Listening at http://localhost:8080
2021-03-28 10:39:47 info: Connected to MongoDB
2021-03-28 10:39:47 info: Listening at http://localhost:8080
2021-03-28 10:40:30 info: Connected to MongoDB
2021-03-28 10:40:30 info: Listening at http://localhost:8080
2021-03-28 10:55:13 info: Connected to MongoDB
2021-03-28 10:55:13 info: Listening at http://localhost:8080
2021-03-28 11:08:15 info: Connected to MongoDB
2021-03-28 11:08:15 info: Listening at http://localhost:8080
2021-03-28 11:10:24 info: Connected to MongoDB
2021-03-28 11:10:24 info: Listening at http://localhost:8080
2021-03-28 11:10:43 info: Connected to MongoDB
2021-03-28 11:10:43 info: Listening at http://localhost:8080
2021-03-28 14:07:09 info: Connected to MongoDB
2021-03-28 14:07:09 info: Listening at http://localhost:8080
2021-03-28 14:09:14 info: OPTIONS /graphql 204 - 5.161 ms
2021-03-28 14:09:14 error: POST /graphql 400 - 130.341 ms - message: -
2021-03-28 14:09:19 info: OPTIONS /graphql 204 - 0.667 ms
2021-03-28 14:09:19 error: POST /graphql 400 - 8.793 ms - message: -
2021-03-28 14:10:12 info: GET /graphql 200 - 19.999 ms
2021-03-28 14:10:24 info: POST /graphql 200 - 60.469 ms
2021-03-28 14:10:25 info: POST /graphql 200 - 30.298 ms
2021-03-28 14:10:27 info: POST /graphql 200 - 13.187 ms
2021-03-28 14:10:27 info: POST /graphql 200 - 24.429 ms
2021-03-28 14:10:30 info: POST /graphql 200 - 53.322 ms
2021-03-28 14:10:32 info: POST /graphql 200 - 17.258 ms
2021-03-28 14:10:34 info: POST /graphql 200 - 28.870 ms
2021-03-28 14:10:36 info: POST /graphql 200 - 14.523 ms
2021-03-28 14:10:38 info: POST /graphql 200 - 17.861 ms
2021-03-28 14:10:40 info: POST /graphql 200 - 17.624 ms
2021-03-28 14:10:42 info: POST /graphql 200 - 18.368 ms
2021-03-28 14:10:44 info: POST /graphql 200 - 12.698 ms
2021-03-28 14:10:46 info: OPTIONS /graphql 204 - 0.644 ms
2021-03-28 14:10:46 info: POST /graphql 200 - 14.388 ms
2021-03-28 14:10:46 info: POST /graphql 200 - 11.491 ms
2021-03-28 14:10:48 info: POST /graphql 200 - 15.077 ms
2021-03-28 14:10:50 info: POST /graphql 200 - 13.609 ms
2021-03-28 14:10:56 info: OPTIONS /graphql 204 - 0.502 ms
2021-03-28 14:10:56 info: POST /graphql 200 - 4.396 ms
2021-03-28 14:38:48 info: OPTIONS /graphql 204 - 0.212 ms
2021-03-28 14:38:48 info: POST /graphql 200 - 3.988 ms
2021-03-28 14:46:32 info: Connected to MongoDB
2021-03-28 14:46:32 info: Listening at http://localhost:8080
2021-03-28 14:46:51 info: Connected to MongoDB
2021-03-28 14:46:51 info: Listening at http://localhost:8080
2021-03-28 14:47:01 info: Connected to MongoDB
2021-03-28 14:47:01 info: Listening at http://localhost:8080
2021-03-28 14:50:46 info: OPTIONS /auth/register 204 - 3.736 ms
2021-03-28 14:50:46 error: POST /auth/register 500 - 34.413 ms - message: -
2021-03-28 14:52:14 info: Connected to MongoDB
2021-03-28 14:52:14 info: Listening at http://localhost:8080
2021-03-28 14:53:18 info: Connected to MongoDB
2021-03-28 14:53:18 info: Listening at http://localhost:8080
2021-03-28 14:53:39 info: OPTIONS /auth/register 204 - 2.278 ms
2021-03-28 14:53:39 error: POST /auth/register 500 - 28.653 ms - message: -
2021-03-28 14:55:07 info: Connected to MongoDB
2021-03-28 14:55:07 info: Listening at http://localhost:8080
2021-03-28 14:55:13 info: OPTIONS /auth/register 204 - 2.270 ms
2021-03-28 14:55:14 info: POST /auth/register 200 - 628.124 ms
2021-03-28 14:55:14 info: OPTIONS /graphql 204 - 0.577 ms
2021-03-28 14:55:14 info: POST /graphql 200 - 30.533 ms
2021-03-28 15:00:54 info: Connected to MongoDB
2021-03-28 15:00:54 info: Listening at http://localhost:8080
2021-03-28 15:01:17 info: OPTIONS /auth/register 204 - 2.539 ms
2021-03-28 15:01:18 info: POST /auth/register 200 - 658.863 ms
2021-03-28 15:01:18 info: OPTIONS /graphql 204 - 0.507 ms
2021-03-28 15:01:18 info: POST /graphql 200 - 31.496 ms
2021-03-28 15:28:27 error: undefined
2021-03-29 08:36:24 info: Connected to MongoDB
2021-03-29 08:36:24 info: Listening at http://localhost:8080
2021-03-29 08:37:15 info: OPTIONS /graphql 204 - 7.688 ms
2021-03-29 08:37:15 info: POST /graphql 200 - 71.873 ms
2021-03-29 08:42:38 info: OPTIONS /auth/login 204 - 0.512 ms
2021-03-29 08:42:38 info: POST /auth/login 200 - 318.706 ms
2021-03-29 08:42:38 info: OPTIONS /graphql 204 - 0.493 ms
2021-03-29 08:42:38 info: POST /graphql 200 - 9.128 ms
2021-03-29 08:43:02 info: OPTIONS /auth/login 204 - 0.338 ms
2021-03-29 08:43:02 info: POST /auth/login 200 - 199.803 ms
2021-03-29 08:43:02 info: OPTIONS /graphql 204 - 1.597 ms
2021-03-29 08:43:02 info: POST /graphql 200 - 9.623 ms
2021-03-29 08:53:40 info: OPTIONS /auth/login 204 - 0.711 ms
2021-03-29 08:53:40 info: POST /auth/login 200 - 237.068 ms
2021-03-29 09:02:37 info: OPTIONS /graphql 204 - 0.447 ms
2021-03-29 09:02:37 info: POST /graphql 200 - 5.340 ms
2021-03-29 09:02:37 info: POST /graphql 200 - 5.526 ms
2021-03-29 09:02:55 info: OPTIONS /graphql 204 - 0.579 ms
2021-03-29 09:02:55 info: POST /graphql 200 - 3.321 ms
2021-03-29 09:04:14 info: OPTIONS /graphql 204 - 0.329 ms
2021-03-29 09:04:14 info: POST /graphql 200 - 6.511 ms
2021-03-29 09:04:24 info: OPTIONS /graphql 204 - 0.367 ms
2021-03-29 09:04:24 info: POST /graphql 200 - 6.975 ms
2021-03-29 09:05:49 info: OPTIONS /graphql 204 - 0.432 ms
2021-03-29 09:05:49 info: POST /graphql 200 - 4.862 ms
2021-03-29 09:07:04 info: OPTIONS /graphql 204 - 0.568 ms
2021-03-29 09:07:04 info: POST /graphql 200 - 7.939 ms
2021-03-29 09:11:08 info: OPTIONS /graphql 204 - 0.413 ms
2021-03-29 09:11:08 info: POST /graphql 200 - 3.551 ms
2021-03-29 09:24:52 info: OPTIONS /graphql 204 - 0.463 ms
2021-03-29 09:24:52 info: POST /graphql 200 - 5.403 ms
2021-03-29 09:29:09 info: OPTIONS /graphql 204 - 0.877 ms
2021-03-29 09:29:09 info: POST /graphql 200 - 4.978 ms
2021-03-29 09:29:58 info: OPTIONS /auth/login 204 - 0.313 ms
2021-03-29 09:29:58 error: POST /auth/login 500 - 37.493 ms - message: -
2021-03-29 09:31:06 info: OPTIONS /auth/login 204 - 0.326 ms
2021-03-29 09:31:06 error: POST /auth/login 500 - 36.861 ms - message: -
2021-03-29 09:31:29 info: OPTIONS /auth/login 204 - 0.319 ms
2021-03-29 09:31:29 error: POST /auth/login 500 - 38.266 ms - message: -
2021-03-29 09:32:06 info: OPTIONS /auth/login 204 - 0.312 ms
2021-03-29 09:32:06 error: POST /auth/login 500 - 34.526 ms - message: -
2021-03-29 09:33:20 info: OPTIONS /auth/login 204 - 0.615 ms
2021-03-29 09:33:21 error: POST /auth/login 500 - 49.255 ms - message: -
2021-03-29 09:34:14 info: OPTIONS /auth/login 204 - 0.562 ms
2021-03-29 09:34:14 error: POST /auth/login 500 - 36.395 ms - message: -
2021-03-29 09:34:16 error: POST /auth/login 500 - 35.070 ms - message: -
2021-03-29 09:34:36 info: OPTIONS /auth/login 204 - 0.292 ms
2021-03-29 09:34:36 error: POST /auth/login 500 - 36.106 ms - message: -
2021-03-29 09:35:31 info: OPTIONS /auth/login 204 - 0.349 ms
2021-03-29 09:35:31 info: POST /auth/login 200 - 210.785 ms
2021-03-29 09:35:31 info: OPTIONS /graphql 204 - 0.413 ms
2021-03-29 09:35:32 info: POST /graphql 200 - 9.650 ms
2021-03-29 09:48:38 info: OPTIONS /graphql 204 - 0.288 ms
2021-03-29 09:48:38 info: POST /graphql 200 - 2.792 ms
2021-03-29 09:52:01 info: OPTIONS /graphql 204 - 0.401 ms
2021-03-29 09:52:01 info: POST /graphql 200 - 6.824 ms
2021-03-29 09:52:18 info: OPTIONS /graphql 204 - 0.362 ms
2021-03-29 09:52:18 info: POST /graphql 200 - 2.842 ms
2021-03-29 09:54:10 info: OPTIONS /graphql 204 - 1.618 ms
2021-03-29 09:54:10 info: POST /graphql 200 - 3.794 ms
2021-03-29 09:58:15 info: OPTIONS /graphql 204 - 0.336 ms
2021-03-29 09:58:15 info: POST /graphql 200 - 6.359 ms
2021-03-29 10:02:23 info: OPTIONS /graphql 204 - 0.304 ms
2021-03-29 10:02:23 info: POST /graphql 200 - 3.013 ms
2021-03-29 10:02:38 info: OPTIONS /graphql 204 - 0.301 ms
2021-03-29 10:02:38 info: POST /graphql 200 - 3.714 ms
2021-03-29 10:06:22 info: Connected to MongoDB
2021-03-29 10:06:22 info: Listening at http://localhost:8080
2021-03-29 10:09:56 info: Connected to MongoDB
2021-03-29 10:09:56 info: Listening at http://localhost:8080
2021-03-29 10:11:49 info: Connected to MongoDB
2021-03-29 10:11:49 info: Listening at http://localhost:8080
2021-03-29 10:14:53 info: Connected to MongoDB
2021-03-29 10:14:53 info: Listening at http://localhost:8080
2021-03-29 10:17:07 info: Connected to MongoDB
2021-03-29 10:17:07 info: Listening at http://localhost:8080
2021-03-29 10:23:58 info: Connected to MongoDB
2021-03-29 10:23:58 info: Listening at http://localhost:8080
2021-03-29 10:54:46 info: Connected to MongoDB
2021-03-29 10:54:46 info: Listening at http://localhost:8080
2021-03-29 10:54:51 info: OPTIONS /graphql 204 - 6.323 ms
2021-03-29 10:54:51 info: POST /graphql 200 - 71.697 ms
2021-03-29 10:57:08 info: OPTIONS /auth/login 204 - 0.347 ms
2021-03-29 10:57:08 error: POST /auth/login 500 - 65.304 ms - message: -
2021-03-29 10:57:19 info: OPTIONS /auth/login 204 - 0.218 ms
2021-03-29 10:57:20 info: POST /auth/login 200 - 215.009 ms
2021-03-29 10:57:20 info: OPTIONS /graphql 204 - 0.434 ms
2021-03-29 10:57:20 info: POST /graphql 200 - 8.797 ms
2021-03-29 10:58:25 info: Connected to MongoDB
2021-03-29 10:58:25 info: Listening at http://localhost:8080
2021-03-29 10:58:40 info: Connected to MongoDB
2021-03-29 10:58:40 info: Listening at http://localhost:8080
2021-03-29 10:59:21 info: Connected to MongoDB
2021-03-29 10:59:21 info: Listening at http://localhost:8080
2021-03-29 11:03:21 info: Connected to MongoDB
2021-03-29 11:03:21 info: Listening at http://localhost:8080
2021-03-29 11:03:31 info: Connected to MongoDB
2021-03-29 11:03:31 info: Listening at http://localhost:8080
2021-03-29 11:03:34 info: Connected to MongoDB
2021-03-29 11:03:34 info: Listening at http://localhost:8080
2021-03-29 11:03:42 info: Connected to MongoDB
2021-03-29 11:03:42 info: Listening at http://localhost:8080
2021-03-29 11:03:50 info: Connected to MongoDB
2021-03-29 11:03:50 info: Listening at http://localhost:8080
2021-03-29 11:04:25 info: OPTIONS /graphql 204 - 2.368 ms
2021-03-29 11:04:25 error: POST /graphql 400 - 43.184 ms - message: -
2021-03-29 11:04:42 info: OPTIONS /graphql 204 - 0.423 ms
2021-03-29 11:04:42 error: POST /graphql 400 - 5.884 ms - message: -
2021-03-29 11:09:08 info: OPTIONS /auth/login 204 - 0.222 ms
2021-03-29 11:09:08 info: POST /auth/login 200 - 250.519 ms
2021-03-29 11:09:08 info: OPTIONS /graphql 204 - 0.348 ms
2021-03-29 11:09:08 error: POST /graphql 400 - 7.007 ms - message: -
2021-03-29 11:18:19 info: GET /graphql 200 - 5.868 ms
2021-03-29 11:18:21 info: POST /graphql 200 - 51.197 ms
2021-03-29 11:18:22 info: POST /graphql 200 - 21.876 ms
2021-03-29 11:18:24 info: POST /graphql 200 - 10.398 ms
2021-03-29 11:18:26 info: POST /graphql 200 - 11.593 ms
2021-03-29 11:18:29 info: POST /graphql 200 - 15.797 ms
2021-03-29 11:18:31 info: POST /graphql 200 - 20.345 ms
2021-03-29 11:18:33 info: POST /graphql 200 - 7.602 ms
2021-03-29 11:18:35 info: POST /graphql 200 - 10.394 ms
2021-03-29 11:18:37 info: POST /graphql 200 - 8.621 ms
2021-03-29 11:19:13 info: Connected to MongoDB
2021-03-29 11:19:13 info: Listening at http://localhost:8080
2021-03-29 11:19:38 info: Connected to MongoDB
2021-03-29 11:19:38 info: Listening at http://localhost:8080
2021-03-29 11:19:43 info: Connected to MongoDB
2021-03-29 11:19:43 info: Listening at http://localhost:8080
2021-03-29 11:19:51 info: Connected to MongoDB
2021-03-29 11:19:51 info: Listening at http://localhost:8080
2021-03-29 11:20:22 info: OPTIONS /graphql 204 - 3.788 ms
2021-03-29 11:20:22 info: POST /graphql 200 - 110.148 ms
2021-03-29 11:25:34 info: OPTIONS /auth/login 204 - 0.316 ms
2021-03-29 11:25:34 info: POST /auth/login 200 - 210.121 ms
2021-03-29 11:25:38 info: OPTIONS /graphql 204 - 0.224 ms
2021-03-29 11:25:38 info: POST /graphql 200 - 46.289 ms
2021-03-29 11:26:03 info: OPTIONS /graphql 204 - 0.264 ms
2021-03-29 11:26:03 info: POST /graphql 200 - 42.308 ms
